<?xml version="1.0" encoding="UTF-8" ?>
<testsuite tests="1" failures="0" name="project_bigdata.airlines.AppTest" time="0.011" errors="0" skipped="0">
  <properties>
    <property name="java.runtime.name" value="Java(TM) SE Runtime Environment"/>
    <property name="sun.boot.library.path" value="E:\Java\jdk1.8.0_192\jre\bin"/>
    <property name="java.vm.version" value="25.192-b12"/>
    <property name="java.vm.vendor" value="Oracle Corporation"/>
    <property name="maven.multiModuleProjectDirectory" value="C:\Users\KARSHIL\eclipse-workspace\airlines"/>
    <property name="java.vendor.url" value="http://java.oracle.com/"/>
    <property name="path.separator" value=";"/>
    <property name="guice.disable.misplaced.annotation.check" value="true"/>
    <property name="java.vm.name" value="Java HotSpot(TM) 64-Bit Server VM"/>
    <property name="file.encoding.pkg" value="sun.io"/>
    <property name="user.script" value=""/>
    <property name="user.country" value="US"/>
    <property name="sun.java.launcher" value="SUN_STANDARD"/>
    <property name="sun.os.patch.level" value=""/>
    <property name="java.vm.specification.name" value="Java Virtual Machine Specification"/>
    <property name="user.dir" value="C:\Users\KARSHIL\eclipse-workspace\airlines"/>
    <property name="java.runtime.version" value="1.8.0_192-b12"/>
    <property name="java.awt.graphicsenv" value="sun.awt.Win32GraphicsEnvironment"/>
    <property name="java.endorsed.dirs" value="E:\Java\jdk1.8.0_192\jre\lib\endorsed"/>
    <property name="os.arch" value="amd64"/>
    <property name="java.io.tmpdir" value="C:\Users\KARSHIL\AppData\Local\Temp\"/>
    <property name="line.separator" value="
"/>
    <property name="java.vm.specification.vendor" value="Oracle Corporation"/>
    <property name="user.variant" value=""/>
    <property name="os.name" value="Windows 10"/>
    <property name="classworlds.conf" value="C:\Users\KARSHIL\eclipse-workspace\.metadata\.plugins\org.eclipse.m2e.launching\launches\m2conf3976114699109302134.tmp"/>
    <property name="sun.jnu.encoding" value="Cp1252"/>
    <property name="java.library.path" value="E:\Java\jdk1.8.0_192\bin;C:\WINDOWS\Sun\Java\bin;C:\WINDOWS\system32;C:\WINDOWS;E:/Java/jdk1.8.0_192/bin/../jre/bin/server;E:/Java/jdk1.8.0_192/bin/../jre/bin;E:/Java/jdk1.8.0_192/bin/../jre/lib/amd64;&quot;JAVA_HOME\bin;&quot;;F:\Git\cmd;C:\Program Files (x86)\Intel\Intel(R) Management Engine Components\DAL;C:\Program Files\Intel\Intel(R) Management Engine Components\DAL;F:\node\;F:\Scripts\;F:\;C:\Users\KARSHIL\AppData\Local\Microsoft\WindowsApps;C:\Windows\System32;C:\Users\KARSHIL\AppData\Local\atom\bin;C:\Users\KARSHIL\AppData\Roaming\Composer\vendor\bin;C:\Users\KARSHIL\AppData\Local\Microsoft\WindowsApps;C:\apache-maven-3.6.0\bin;F:\PyCharm Edu 2018.3\bin;;F:\PyCharm 2019.1.1\bin;;E:\Java\jdk1.8.0_192\bin;E:\bigdata\hadoop2\bin;E:\bigdata\hadoop2\sbin;C:\Users\KARSHIL\AppData\Roaming\npm;C:\WINDOWS\System32;;."/>
    <property name="java.specification.name" value="Java Platform API Specification"/>
    <property name="java.class.version" value="52.0"/>
    <property name="sun.management.compiler" value="HotSpot 64-Bit Tiered Compilers"/>
    <property name="os.version" value="10.0"/>
    <property name="user.home" value="C:\Users\KARSHIL"/>
    <property name="user.timezone" value="Asia/Calcutta"/>
    <property name="java.awt.printerjob" value="sun.awt.windows.WPrinterJob"/>
    <property name="java.specification.version" value="1.8"/>
    <property name="file.encoding" value="Cp1252"/>
    <property name="user.name" value="KARSHIL"/>
    <property name="java.class.path" value="C:\Users\KARSHIL\.p2\pool\plugins\org.eclipse.m2e.maven.runtime_1.11.0.20190220-2117\jars\plexus-classworlds-2.5.2.jar"/>
    <property name="java.vm.specification.version" value="1.8"/>
    <property name="sun.arch.data.model" value="64"/>
    <property name="java.home" value="E:\Java\jdk1.8.0_192\jre"/>
    <property name="sun.java.command" value="org.codehaus.plexus.classworlds.launcher.Launcher -B install"/>
    <property name="java.specification.vendor" value="Oracle Corporation"/>
    <property name="user.language" value="en"/>
    <property name="awt.toolkit" value="sun.awt.windows.WToolkit"/>
    <property name="java.vm.info" value="mixed mode"/>
    <property name="java.version" value="1.8.0_192"/>
    <property name="java.ext.dirs" value="E:\Java\jdk1.8.0_192\jre\lib\ext;C:\WINDOWS\Sun\Java\lib\ext"/>
    <property name="sun.boot.class.path" value="E:\Java\jdk1.8.0_192\jre\lib\resources.jar;E:\Java\jdk1.8.0_192\jre\lib\rt.jar;E:\Java\jdk1.8.0_192\jre\lib\sunrsasign.jar;E:\Java\jdk1.8.0_192\jre\lib\jsse.jar;E:\Java\jdk1.8.0_192\jre\lib\jce.jar;E:\Java\jdk1.8.0_192\jre\lib\charsets.jar;E:\Java\jdk1.8.0_192\jre\lib\jfr.jar;E:\Java\jdk1.8.0_192\jre\classes"/>
    <property name="java.vendor" value="Oracle Corporation"/>
    <property name="maven.home" value="C:\Users\KARSHIL\eclipse-workspace\airlines\EMBEDDED"/>
    <property name="file.separator" value="\"/>
    <property name="java.vendor.url.bug" value="http://bugreport.sun.com/bugreport/"/>
    <property name="sun.cpu.endian" value="little"/>
    <property name="sun.io.unicode.encoding" value="UnicodeLittle"/>
    <property name="sun.desktop" value="windows"/>
    <property name="sun.cpu.isalist" value="amd64"/>
  </properties>
  <testcase classname="project_bigdata.airlines.AppTest" name="testApp" time="0.011"/>
</testsuite>